<?xml version="1.0" encoding="UTF-8"?>
<TestRun id="bfbfa56b-6bca-4884-90d0-1da2dfa2d948" name="justbe@JUSTBE-TP 2011-08-05 09:44:47" runUser="REDMOND\justbe" xmlns="http://microsoft.com/schemas/VisualStudio/TeamTest/2010">
  <TestSettings name="Local" id="183d1d1a-231b-4bcf-9965-3e5311c151a9">
    <Description>These are default test settings for a local test run.</Description>
    <Deployment enabled="false" runDeploymentRoot="justbe_JUSTBE-TP 2011-08-05 09_44_47" />
    <Execution>
      <TestTypeSpecific />
      <AgentRule name="Execution Agents">
      </AgentRule>
    </Execution>
  </TestSettings>
  <Times creation="2011-08-05T09:44:47.7363522-07:00" queuing="2011-08-05T09:44:49.6663522-07:00" start="2011-08-05T09:44:49.8023522-07:00" finish="2011-08-05T09:44:51.8943522-07:00" />
  <ResultSummary outcome="Completed">
    <Counters total="1" executed="1" passed="1" error="0" failed="0" timeout="0" aborted="0" inconclusive="0" passedButRunAborted="0" notRunnable="0" notExecuted="0" disconnected="0" warning="0" completed="0" inProgress="0" pending="0" />
  </ResultSummary>
  <TestDefinitions>
    <UnitTest name="TestMethod1" storage="c:\users\justbe\mesh\code\mvcfun\mvcfuntests\bin\debug\mvcfuntests.dll" id="5f39e204-5f5c-51bf-b4c8-d6d8203aaa8e">
      <Execution id="1eee9f7d-603b-4d37-8f13-21b13609af25" />
      <TestMethod codeBase="C:/Users/justbe/Mesh/Code/MvcFun/MvcFunTests/bin/Debug/MvcFunTests.DLL" adapterTypeName="Microsoft.VisualStudio.TestTools.TestTypes.Unit.UnitTestAdapter, Microsoft.VisualStudio.QualityTools.Tips.UnitTest.Adapter, Version=10.0.0.0, Culture=neutral, PublicKeyToken=b03f5f7f11d50a3a" className="MvcFunTests.Test1, MvcFunTests, Version=1.0.0.0, Culture=neutral, PublicKeyToken=null" name="TestMethod1" />
    </UnitTest>
  </TestDefinitions>
  <TestLists>
    <TestList name="Results Not in a List" id="8c84fa94-04c1-424b-9868-57a2d4851a1d" />
    <TestList name="All Loaded Results" id="19431567-8539-422a-85d7-44ee4e166bda" />
  </TestLists>
  <TestEntries>
    <TestEntry testId="5f39e204-5f5c-51bf-b4c8-d6d8203aaa8e" executionId="1eee9f7d-603b-4d37-8f13-21b13609af25" testListId="8c84fa94-04c1-424b-9868-57a2d4851a1d" />
  </TestEntries>
  <Results>
    <UnitTestResult executionId="1eee9f7d-603b-4d37-8f13-21b13609af25" testId="5f39e204-5f5c-51bf-b4c8-d6d8203aaa8e" testName="TestMethod1" computerName="JUSTBE-TP" duration="00:00:00.0113048" startTime="2011-08-05T09:44:49.8483522-07:00" endTime="2011-08-05T09:44:51.7993522-07:00" testType="13cdc9d9-ddb5-4fa4-a97d-d965ccfc6d4b" outcome="Passed" testListId="8c84fa94-04c1-424b-9868-57a2d4851a1d" relativeResultsDirectory="1eee9f7d-603b-4d37-8f13-21b13609af25">
    </UnitTestResult>
  </Results>
</TestRun>