<?xml version="1.0" encoding="UTF-8"?>
<TestRun id="0dae57a4-7833-402c-ba71-789a491acb0f" name="justbe@JUSTBE-HP 2011-07-14 16:19:28" runUser="REDMOND\justbe" xmlns="http://microsoft.com/schemas/VisualStudio/TeamTest/2010">
  <TestSettings name="Local" id="183d1d1a-231b-4bcf-9965-3e5311c151a9">
    <Description>These are default test settings for a local test run.</Description>
    <Deployment enabled="false" runDeploymentRoot="justbe_JUSTBE-HP 2011-07-14 16_19_28" />
    <Execution>
      <TestTypeSpecific />
      <AgentRule name="Execution Agents">
      </AgentRule>
    </Execution>
  </TestSettings>
  <Times creation="2011-07-14T16:19:28.6333873-07:00" queuing="2011-07-14T16:19:34.2959535-07:00" start="2011-07-14T16:19:34.5909830-07:00" finish="2011-07-14T16:19:37.1792418-07:00" />
  <ResultSummary outcome="Completed">
    <Counters total="1" executed="1" passed="1" error="0" failed="0" timeout="0" aborted="0" inconclusive="0" passedButRunAborted="0" notRunnable="0" notExecuted="0" disconnected="0" warning="0" completed="0" inProgress="0" pending="0" />
  </ResultSummary>
  <TestDefinitions>
    <UnitTest name="TestMethod1" storage="c:\users\justbe\code\mvcfun\testproject1\bin\debug\testproject1.dll" id="59863143-3238-122e-4d8a-637b491cc755">
      <Execution id="a2f0b1ae-2641-4cf9-a2fa-66c97a8bfe81" />
      <TestMethod codeBase="C:/Users/justbe/Code/MvcFun/TestProject1/bin/Debug/TestProject1.DLL" adapterTypeName="Microsoft.VisualStudio.TestTools.TestTypes.Unit.UnitTestAdapter, Microsoft.VisualStudio.QualityTools.Tips.UnitTest.Adapter, Version=10.0.0.0, Culture=neutral, PublicKeyToken=b03f5f7f11d50a3a" className="TestProject1.UnitTest1, TestProject1, Version=1.0.0.0, Culture=neutral, PublicKeyToken=null" name="TestMethod1" />
    </UnitTest>
  </TestDefinitions>
  <TestLists>
    <TestList name="Results Not in a List" id="8c84fa94-04c1-424b-9868-57a2d4851a1d" />
    <TestList name="All Loaded Results" id="19431567-8539-422a-85d7-44ee4e166bda" />
  </TestLists>
  <TestEntries>
    <TestEntry testId="59863143-3238-122e-4d8a-637b491cc755" executionId="a2f0b1ae-2641-4cf9-a2fa-66c97a8bfe81" testListId="8c84fa94-04c1-424b-9868-57a2d4851a1d" />
  </TestEntries>
  <Results>
    <UnitTestResult executionId="a2f0b1ae-2641-4cf9-a2fa-66c97a8bfe81" testId="59863143-3238-122e-4d8a-637b491cc755" testName="TestMethod1" computerName="JUSTBE-HP" duration="00:00:00.0148349" startTime="2011-07-14T16:19:34.7710010-07:00" endTime="2011-07-14T16:19:37.0062245-07:00" testType="13cdc9d9-ddb5-4fa4-a97d-d965ccfc6d4b" outcome="Passed" testListId="8c84fa94-04c1-424b-9868-57a2d4851a1d" relativeResultsDirectory="a2f0b1ae-2641-4cf9-a2fa-66c97a8bfe81">
    </UnitTestResult>
  </Results>
</TestRun>