<?xml version="1.0" encoding="UTF-8"?>
<TestRun id="b6be706e-c2d7-4ff1-9dbb-fc20b9500cb6" name="justbe@JUSTBE-HP 2011-07-14 16:21:50" runUser="REDMOND\justbe" xmlns="http://microsoft.com/schemas/VisualStudio/TeamTest/2010">
  <TestSettings name="Local" id="183d1d1a-231b-4bcf-9965-3e5311c151a9">
    <Description>These are default test settings for a local test run.</Description>
    <Deployment enabled="false" runDeploymentRoot="justbe_JUSTBE-HP 2011-07-14 16_21_50" />
    <Execution>
      <TestTypeSpecific />
      <AgentRule name="Execution Agents">
      </AgentRule>
    </Execution>
  </TestSettings>
  <Times creation="2011-07-14T16:21:50.4825708-07:00" queuing="2011-07-14T16:21:55.1110336-07:00" start="2011-07-14T16:21:55.2450470-07:00" finish="2011-07-14T16:22:01.0816306-07:00" />
  <ResultSummary outcome="Failed">
    <Counters total="1" executed="1" error="0" failed="1" timeout="0" aborted="0" inconclusive="0" passedButRunAborted="0" notRunnable="0" notExecuted="0" disconnected="0" warning="0" passed="0" completed="0" inProgress="0" pending="0" />
  </ResultSummary>
  <TestDefinitions>
    <UnitTest name="TestMethod1" storage="c:\users\justbe\code\mvcfun\testproject1\bin\debug\testproject1.dll" id="59863143-3238-122e-4d8a-637b491cc755">
      <Execution id="5164acde-584d-4b68-84d2-e3b461cd99e9" />
      <TestMethod codeBase="C:/Users/justbe/Code/MvcFun/TestProject1/bin/Debug/TestProject1.DLL" adapterTypeName="Microsoft.VisualStudio.TestTools.TestTypes.Unit.UnitTestAdapter, Microsoft.VisualStudio.QualityTools.Tips.UnitTest.Adapter, Version=10.0.0.0, Culture=neutral, PublicKeyToken=b03f5f7f11d50a3a" className="TestProject1.UnitTest1, TestProject1, Version=1.0.0.0, Culture=neutral, PublicKeyToken=null" name="TestMethod1" />
    </UnitTest>
  </TestDefinitions>
  <TestLists>
    <TestList name="Results Not in a List" id="8c84fa94-04c1-424b-9868-57a2d4851a1d" />
    <TestList name="All Loaded Results" id="19431567-8539-422a-85d7-44ee4e166bda" />
  </TestLists>
  <TestEntries>
    <TestEntry testId="59863143-3238-122e-4d8a-637b491cc755" executionId="5164acde-584d-4b68-84d2-e3b461cd99e9" testListId="8c84fa94-04c1-424b-9868-57a2d4851a1d" />
  </TestEntries>
  <Results>
    <UnitTestResult executionId="5164acde-584d-4b68-84d2-e3b461cd99e9" testId="59863143-3238-122e-4d8a-637b491cc755" testName="TestMethod1" computerName="JUSTBE-HP" duration="00:00:03.4888327" startTime="2011-07-14T16:21:55.4070632-07:00" endTime="2011-07-14T16:22:00.9696194-07:00" testType="13cdc9d9-ddb5-4fa4-a97d-d965ccfc6d4b" outcome="Failed" testListId="8c84fa94-04c1-424b-9868-57a2d4851a1d" relativeResultsDirectory="5164acde-584d-4b68-84d2-e3b461cd99e9">
      <Output>
        <ErrorInfo>
          <Message>Assert.Fail failed. </Message>
          <StackTrace>   at TestProject1.UnitTest1.TestMethod1() in C:\Users\justbe\Code\MvcFun\TestProject1\UnitTest1.cs:line 65
</StackTrace>
        </ErrorInfo>
      </Output>
    </UnitTestResult>
  </Results>
</TestRun>